<?xml version="1.0" encoding="UTF-8"?>
<!-- Generated by org.testng.reporters.JUnitReportReporter -->
<testsuite hostname="LAPTOP-2OGP4P8P" failures="0" tests="2" name="com.employeeapi.testCases.TC004_Put_Employee_Record" time="0.047" errors="0" timestamp="20 Jan 2022 16:31:51 GMT" skipped="0">
  <testcase classname="com.employeeapi.testCases.TC004_Put_Employee_Record" name="checkResposeBody" time="0.043"/>
  <testcase classname="com.employeeapi.testCases.TC004_Put_Employee_Record" name="checkStatusCode" time="0.004"/>
</testsuite> <!-- com.employeeapi.testCases.TC004_Put_Employee_Record -->
